{"/home/user/project/assets/carbon-compliance-cap/srv/carbon-compliance-service.js": {"path":"/home/user/project/assets/carbon-compliance-cap/srv/carbon-compliance-service.js","statementMap":{"0":{"start":{"line":1,"column":12},"end":{"line":1,"column":31}},"1":{"start":{"line":3,"column":0},"end":{"line":144,"column":1}},"2":{"start":{"line":11,"column":8},"end":{"line":11,"column":21}},"3":{"start":{"line":16,"column":4},"end":{"line":58,"column":6}},"4":{"start":{"line":17,"column":28},"end":{"line":19,"column":98}},"5":{"start":{"line":21,"column":24},"end":{"line":28,"column":7}},"6":{"start":{"line":22,"column":53},"end":{"line":22,"column":86}},"7":{"start":{"line":23,"column":53},"end":{"line":23,"column":86}},"8":{"start":{"line":24,"column":53},"end":{"line":24,"column":86}},"9":{"start":{"line":26,"column":43},"end":{"line":26,"column":94}},"10":{"start":{"line":29,"column":25},"end":{"line":32,"column":39}},"11":{"start":{"line":34,"column":25},"end":{"line":34,"column":42}},"12":{"start":{"line":35,"column":29},"end":{"line":35,"column":90}},"13":{"start":{"line":35,"column":52},"end":{"line":35,"column":82}},"14":{"start":{"line":37,"column":27},"end":{"line":40,"column":22}},"15":{"start":{"line":42,"column":23},"end":{"line":45,"column":37}},"16":{"start":{"line":47,"column":6},"end":{"line":57,"column":8}},"17":{"start":{"line":63,"column":4},"end":{"line":76,"column":6}},"18":{"start":{"line":64,"column":26},"end":{"line":64,"column":34}},"19":{"start":{"line":65,"column":6},"end":{"line":65,"column":65}},"20":{"start":{"line":65,"column":20},"end":{"line":65,"column":65}},"21":{"start":{"line":67,"column":16},"end":{"line":72,"column":10}},"22":{"start":{"line":74,"column":6},"end":{"line":74,"column":90}},"23":{"start":{"line":74,"column":14},"end":{"line":74,"column":90}},"24":{"start":{"line":75,"column":6},"end":{"line":75,"column":57}},"25":{"start":{"line":81,"column":4},"end":{"line":97,"column":6}},"26":{"start":{"line":82,"column":27},"end":{"line":82,"column":35}},"27":{"start":{"line":83,"column":6},"end":{"line":83,"column":67}},"28":{"start":{"line":83,"column":21},"end":{"line":83,"column":67}},"29":{"start":{"line":85,"column":21},"end":{"line":85,"column":71}},"30":{"start":{"line":86,"column":6},"end":{"line":86,"column":73}},"31":{"start":{"line":86,"column":19},"end":{"line":86,"column":73}},"32":{"start":{"line":87,"column":6},"end":{"line":87,"column":109}},"33":{"start":{"line":87,"column":45},"end":{"line":87,"column":109}},"34":{"start":{"line":88,"column":6},"end":{"line":88,"column":117}},"35":{"start":{"line":88,"column":46},"end":{"line":88,"column":117}},"36":{"start":{"line":90,"column":6},"end":{"line":94,"column":8}},"37":{"start":{"line":96,"column":6},"end":{"line":96,"column":121}},"38":{"start":{"line":102,"column":4},"end":{"line":122,"column":6}},"39":{"start":{"line":103,"column":27},"end":{"line":103,"column":35}},"40":{"start":{"line":104,"column":6},"end":{"line":104,"column":67}},"41":{"start":{"line":104,"column":21},"end":{"line":104,"column":67}},"42":{"start":{"line":106,"column":21},"end":{"line":106,"column":71}},"43":{"start":{"line":107,"column":6},"end":{"line":107,"column":73}},"44":{"start":{"line":107,"column":19},"end":{"line":107,"column":73}},"45":{"start":{"line":108,"column":6},"end":{"line":110,"column":7}},"46":{"start":{"line":109,"column":8},"end":{"line":109,"column":103}},"47":{"start":{"line":113,"column":6},"end":{"line":121,"column":8}},"48":{"start":{"line":127,"column":4},"end":{"line":140,"column":6}},"49":{"start":{"line":128,"column":43},"end":{"line":128,"column":51}},"50":{"start":{"line":129,"column":20},"end":{"line":129,"column":69}},"51":{"start":{"line":130,"column":6},"end":{"line":132,"column":7}},"52":{"start":{"line":131,"column":8},"end":{"line":131,"column":97}},"53":{"start":{"line":134,"column":16},"end":{"line":136,"column":8}},"54":{"start":{"line":138,"column":6},"end":{"line":138,"column":84}},"55":{"start":{"line":138,"column":14},"end":{"line":138,"column":84}},"56":{"start":{"line":139,"column":6},"end":{"line":139,"column":77}},"57":{"start":{"line":142,"column":4},"end":{"line":142,"column":23}}},"fnMap":{"0":{"name":"(anonymous_0)","decl":{"start":{"line":5,"column":2},"end":{"line":5,"column":3}},"loc":{"start":{"line":5,"column":15},"end":{"line":143,"column":3}},"line":5},"1":{"name":"(anonymous_1)","decl":{"start":{"line":16,"column":34},"end":{"line":16,"column":35}},"loc":{"start":{"line":16,"column":46},"end":{"line":58,"column":5}},"line":16},"2":{"name":"(anonymous_2)","decl":{"start":{"line":22,"column":43},"end":{"line":22,"column":44}},"loc":{"start":{"line":22,"column":53},"end":{"line":22,"column":86}},"line":22},"3":{"name":"(anonymous_3)","decl":{"start":{"line":23,"column":43},"end":{"line":23,"column":44}},"loc":{"start":{"line":23,"column":53},"end":{"line":23,"column":86}},"line":23},"4":{"name":"(anonymous_4)","decl":{"start":{"line":24,"column":43},"end":{"line":24,"column":44}},"loc":{"start":{"line":24,"column":53},"end":{"line":24,"column":86}},"line":24},"5":{"name":"(anonymous_5)","decl":{"start":{"line":26,"column":33},"end":{"line":26,"column":34}},"loc":{"start":{"line":26,"column":43},"end":{"line":26,"column":94}},"line":26},"6":{"name":"(anonymous_6)","decl":{"start":{"line":35,"column":47},"end":{"line":35,"column":48}},"loc":{"start":{"line":35,"column":52},"end":{"line":35,"column":82}},"line":35},"7":{"name":"(anonymous_7)","decl":{"start":{"line":63,"column":32},"end":{"line":63,"column":33}},"loc":{"start":{"line":63,"column":47},"end":{"line":76,"column":5}},"line":63},"8":{"name":"(anonymous_8)","decl":{"start":{"line":81,"column":29},"end":{"line":81,"column":30}},"loc":{"start":{"line":81,"column":44},"end":{"line":97,"column":5}},"line":81},"9":{"name":"(anonymous_9)","decl":{"start":{"line":102,"column":30},"end":{"line":102,"column":31}},"loc":{"start":{"line":102,"column":45},"end":{"line":122,"column":5}},"line":102},"10":{"name":"(anonymous_10)","decl":{"start":{"line":127,"column":42},"end":{"line":127,"column":43}},"loc":{"start":{"line":127,"column":57},"end":{"line":140,"column":5}},"line":127}},"branchMap":{"0":{"loc":{"start":{"line":22,"column":58},"end":{"line":22,"column":85}},"type":"binary-expr","locations":[{"start":{"line":22,"column":58},"end":{"line":22,"column":80}},{"start":{"line":22,"column":84},"end":{"line":22,"column":85}}],"line":22},"1":{"loc":{"start":{"line":23,"column":58},"end":{"line":23,"column":85}},"type":"binary-expr","locations":[{"start":{"line":23,"column":58},"end":{"line":23,"column":80}},{"start":{"line":23,"column":84},"end":{"line":23,"column":85}}],"line":23},"2":{"loc":{"start":{"line":24,"column":58},"end":{"line":24,"column":85}},"type":"binary-expr","locations":[{"start":{"line":24,"column":58},"end":{"line":24,"column":80}},{"start":{"line":24,"column":84},"end":{"line":24,"column":85}}],"line":24},"3":{"loc":{"start":{"line":25,"column":23},"end":{"line":27,"column":13}},"type":"cond-expr","locations":[{"start":{"line":26,"column":12},"end":{"line":26,"column":121}},{"start":{"line":27,"column":12},"end":{"line":27,"column":13}}],"line":25},"4":{"loc":{"start":{"line":26,"column":48},"end":{"line":26,"column":93}},"type":"binary-expr","locations":[{"start":{"line":26,"column":48},"end":{"line":26,"column":88}},{"start":{"line":26,"column":92},"end":{"line":26,"column":93}}],"line":26},"5":{"loc":{"start":{"line":55,"column":28},"end":{"line":55,"column":52}},"type":"binary-expr","locations":[{"start":{"line":55,"column":28},"end":{"line":55,"column":47}},{"start":{"line":55,"column":51},"end":{"line":55,"column":52}}],"line":55},"6":{"loc":{"start":{"line":56,"column":28},"end":{"line":56,"column":81}},"type":"binary-expr","locations":[{"start":{"line":56,"column":28},"end":{"line":56,"column":53}},{"start":{"line":56,"column":57},"end":{"line":56,"column":81}}],"line":56},"7":{"loc":{"start":{"line":65,"column":6},"end":{"line":65,"column":65}},"type":"if","locations":[{"start":{"line":65,"column":6},"end":{"line":65,"column":65}},{"start":{},"end":{}}],"line":65},"8":{"loc":{"start":{"line":70,"column":27},"end":{"line":70,"column":51}},"type":"binary-expr","locations":[{"start":{"line":70,"column":27},"end":{"line":70,"column":39}},{"start":{"line":70,"column":43},"end":{"line":70,"column":51}}],"line":70},"9":{"loc":{"start":{"line":74,"column":6},"end":{"line":74,"column":90}},"type":"if","locations":[{"start":{"line":74,"column":6},"end":{"line":74,"column":90}},{"start":{},"end":{}}],"line":74},"10":{"loc":{"start":{"line":83,"column":6},"end":{"line":83,"column":67}},"type":"if","locations":[{"start":{"line":83,"column":6},"end":{"line":83,"column":67}},{"start":{},"end":{}}],"line":83},"11":{"loc":{"start":{"line":86,"column":6},"end":{"line":86,"column":73}},"type":"if","locations":[{"start":{"line":86,"column":6},"end":{"line":86,"column":73}},{"start":{},"end":{}}],"line":86},"12":{"loc":{"start":{"line":87,"column":6},"end":{"line":87,"column":109}},"type":"if","locations":[{"start":{"line":87,"column":6},"end":{"line":87,"column":109}},{"start":{},"end":{}}],"line":87},"13":{"loc":{"start":{"line":88,"column":6},"end":{"line":88,"column":117}},"type":"if","locations":[{"start":{"line":88,"column":6},"end":{"line":88,"column":117}},{"start":{},"end":{}}],"line":88},"14":{"loc":{"start":{"line":92,"column":21},"end":{"line":92,"column":57}},"type":"binary-expr","locations":[{"start":{"line":92,"column":21},"end":{"line":92,"column":33}},{"start":{"line":92,"column":37},"end":{"line":92,"column":57}}],"line":92},"15":{"loc":{"start":{"line":104,"column":6},"end":{"line":104,"column":67}},"type":"if","locations":[{"start":{"line":104,"column":6},"end":{"line":104,"column":67}},{"start":{},"end":{}}],"line":104},"16":{"loc":{"start":{"line":107,"column":6},"end":{"line":107,"column":73}},"type":"if","locations":[{"start":{"line":107,"column":6},"end":{"line":107,"column":73}},{"start":{},"end":{}}],"line":107},"17":{"loc":{"start":{"line":108,"column":6},"end":{"line":110,"column":7}},"type":"if","locations":[{"start":{"line":108,"column":6},"end":{"line":110,"column":7}},{"start":{},"end":{}}],"line":108},"18":{"loc":{"start":{"line":130,"column":6},"end":{"line":132,"column":7}},"type":"if","locations":[{"start":{"line":130,"column":6},"end":{"line":132,"column":7}},{"start":{},"end":{}}],"line":130},"19":{"loc":{"start":{"line":138,"column":6},"end":{"line":138,"column":84}},"type":"if","locations":[{"start":{"line":138,"column":6},"end":{"line":138,"column":84}},{"start":{},"end":{}}],"line":138}},"s":{"0":2,"1":2,"2":2,"3":2,"4":2,"5":2,"6":10,"7":10,"8":10,"9":10,"10":2,"11":2,"12":2,"13":4,"14":2,"15":2,"16":2,"17":2,"18":2,"19":2,"20":1,"21":1,"22":1,"23":0,"24":1,"25":2,"26":4,"27":4,"28":1,"29":3,"30":3,"31":0,"32":3,"33":1,"34":2,"35":0,"36":2,"37":2,"38":2,"39":0,"40":0,"41":0,"42":0,"43":0,"44":0,"45":0,"46":0,"47":0,"48":2,"49":2,"50":2,"51":2,"52":1,"53":1,"54":1,"55":0,"56":1,"57":2},"f":{"0":2,"1":2,"2":10,"3":10,"4":10,"5":10,"6":4,"7":2,"8":4,"9":0,"10":2},"b":{"0":[10,0],"1":[10,0],"2":[10,0],"3":[2,0],"4":[10,0],"5":[2,0],"6":[2,0],"7":[1,1],"8":[1,0],"9":[0,1],"10":[1,3],"11":[0,3],"12":[1,2],"13":[0,2],"14":[2,0],"15":[0,0],"16":[0,0],"17":[0,0],"18":[1,1],"19":[0,1]},"_coverageSchema":"1a1c01bbd47fc00a2c39e90264f33305004495a9","hash":"7a8132c3a136f88ad396e6132dcdbc236e782f86"}
}
