TN:
SF:srv/carbon-compliance-service.js
FN:5,(anonymous_0)
FN:16,(anonymous_1)
FN:22,(anonymous_2)
FN:23,(anonymous_3)
FN:24,(anonymous_4)
FN:26,(anonymous_5)
FN:35,(anonymous_6)
FN:63,(anonymous_7)
FN:81,(anonymous_8)
FN:102,(anonymous_9)
FN:127,(anonymous_10)
FNF:11
FNH:10
FNDA:2,(anonymous_0)
FNDA:2,(anonymous_1)
FNDA:10,(anonymous_2)
FNDA:10,(anonymous_3)
FNDA:10,(anonymous_4)
FNDA:10,(anonymous_5)
FNDA:4,(anonymous_6)
FNDA:2,(anonymous_7)
FNDA:4,(anonymous_8)
FNDA:0,(anonymous_9)
FNDA:2,(anonymous_10)
DA:1,2
DA:3,2
DA:11,2
DA:16,2
DA:17,2
DA:21,2
DA:22,10
DA:23,10
DA:24,10
DA:26,10
DA:29,2
DA:34,2
DA:35,4
DA:37,2
DA:42,2
DA:47,2
DA:63,2
DA:64,2
DA:65,2
DA:67,1
DA:74,1
DA:75,1
DA:81,2
DA:82,4
DA:83,4
DA:85,3
DA:86,3
DA:87,3
DA:88,2
DA:90,2
DA:96,2
DA:102,2
DA:103,0
DA:104,0
DA:106,0
DA:107,0
DA:108,0
DA:109,0
DA:113,0
DA:127,2
DA:128,2
DA:129,2
DA:130,2
DA:131,1
DA:134,1
DA:138,1
DA:139,1
DA:142,2
LF:48
LH:41
BRDA:22,0,0,10
BRDA:22,0,1,0
BRDA:23,1,0,10
BRDA:23,1,1,0
BRDA:24,2,0,10
BRDA:24,2,1,0
BRDA:25,3,0,2
BRDA:25,3,1,0
BRDA:26,4,0,10
BRDA:26,4,1,0
BRDA:55,5,0,2
BRDA:55,5,1,0
BRDA:56,6,0,2
BRDA:56,6,1,0
BRDA:65,7,0,1
BRDA:65,7,1,1
BRDA:70,8,0,1
BRDA:70,8,1,0
BRDA:74,9,0,0
BRDA:74,9,1,1
BRDA:83,10,0,1
BRDA:83,10,1,3
BRDA:86,11,0,0
BRDA:86,11,1,3
BRDA:87,12,0,1
BRDA:87,12,1,2
BRDA:88,13,0,0
BRDA:88,13,1,2
BRDA:92,14,0,2
BRDA:92,14,1,0
BRDA:104,15,0,0
BRDA:104,15,1,0
BRDA:107,16,0,0
BRDA:107,16,1,0
BRDA:108,17,0,0
BRDA:108,17,1,0
BRDA:130,18,0,1
BRDA:130,18,1,1
BRDA:138,19,0,0
BRDA:138,19,1,1
BRF:40
BRH:21
end_of_record
